.\Debug\PT Project.bsc
.\Debug\PT Project.ilk
.\Debug\PT Project.pdb
H:\to delete\CMP103 Project S2014 - ALL Docs - Instructor\PROJECT\CMP103 Project S2015 - ALL Docs - student\Phase1-Code\.\Debug\PT Project.exe
H:\to delete\CMP103 Project S2014 - ALL Docs - Instructor\PROJECT\CMP103 Project S2015 - ALL Docs - student\Phase1-Code\.\Debug\PT Project.exe.intermediate.manifest
H:\TO DELETE\CMP103 PROJECT S2014 - ALL DOCS - INSTRUCTOR\PROJECT\CMP103 PROJECT S2015 - ALL DOCS - STUDENT\PHASE1-CODE\DEBUG\AUXIL.OBJ
H:\TO DELETE\CMP103 PROJECT S2014 - ALL DOCS - INSTRUCTOR\PROJECT\CMP103 PROJECT S2015 - ALL DOCS - STUDENT\PHASE1-CODE\DEBUG\AUXIL.SBR
H:\to delete\CMP103 Project S2014 - ALL Docs - Instructor\PROJECT\CMP103 Project S2015 - ALL Docs - student\Phase1-Code\Debug\BscMake.command.1.tlog
H:\to delete\CMP103 Project S2014 - ALL Docs - Instructor\PROJECT\CMP103 Project S2015 - ALL Docs - student\Phase1-Code\Debug\bscmake.read.1.tlog
H:\to delete\CMP103 Project S2014 - ALL Docs - Instructor\PROJECT\CMP103 Project S2015 - ALL Docs - student\Phase1-Code\Debug\bscmake.write.1.tlog
H:\to delete\CMP103 Project S2014 - ALL Docs - Instructor\PROJECT\CMP103 Project S2015 - ALL Docs - student\Phase1-Code\Debug\cl.command.1.tlog
H:\to delete\CMP103 Project S2014 - ALL Docs - Instructor\PROJECT\CMP103 Project S2015 - ALL Docs - student\Phase1-Code\Debug\CL.read.1.tlog
H:\to delete\CMP103 Project S2014 - ALL Docs - Instructor\PROJECT\CMP103 Project S2015 - ALL Docs - student\Phase1-Code\Debug\CL.write.1.tlog
H:\TO DELETE\CMP103 PROJECT S2014 - ALL DOCS - INSTRUCTOR\PROJECT\CMP103 PROJECT S2015 - ALL DOCS - STUDENT\PHASE1-CODE\DEBUG\CMUGRAPHICS.OBJ
H:\TO DELETE\CMP103 PROJECT S2014 - ALL DOCS - INSTRUCTOR\PROJECT\CMP103 PROJECT S2015 - ALL DOCS - STUDENT\PHASE1-CODE\DEBUG\CMUGRAPHICS.SBR
H:\TO DELETE\CMP103 PROJECT S2014 - ALL DOCS - INSTRUCTOR\PROJECT\CMP103 PROJECT S2015 - ALL DOCS - STUDENT\PHASE1-CODE\DEBUG\IMAGE.OBJ
H:\TO DELETE\CMP103 PROJECT S2014 - ALL DOCS - INSTRUCTOR\PROJECT\CMP103 PROJECT S2015 - ALL DOCS - STUDENT\PHASE1-CODE\DEBUG\IMAGE.SBR
H:\TO DELETE\CMP103 PROJECT S2014 - ALL DOCS - INSTRUCTOR\PROJECT\CMP103 PROJECT S2015 - ALL DOCS - STUDENT\PHASE1-CODE\DEBUG\INPUT.OBJ
H:\TO DELETE\CMP103 PROJECT S2014 - ALL DOCS - INSTRUCTOR\PROJECT\CMP103 PROJECT S2015 - ALL DOCS - STUDENT\PHASE1-CODE\DEBUG\INPUT.SBR
H:\TO DELETE\CMP103 PROJECT S2014 - ALL DOCS - INSTRUCTOR\PROJECT\CMP103 PROJECT S2015 - ALL DOCS - STUDENT\PHASE1-CODE\DEBUG\JCOMAPI.OBJ
H:\TO DELETE\CMP103 PROJECT S2014 - ALL DOCS - INSTRUCTOR\PROJECT\CMP103 PROJECT S2015 - ALL DOCS - STUDENT\PHASE1-CODE\DEBUG\JCOMAPI.SBR
H:\TO DELETE\CMP103 PROJECT S2014 - ALL DOCS - INSTRUCTOR\PROJECT\CMP103 PROJECT S2015 - ALL DOCS - STUDENT\PHASE1-CODE\DEBUG\JCPARAM.OBJ
H:\TO DELETE\CMP103 PROJECT S2014 - ALL DOCS - INSTRUCTOR\PROJECT\CMP103 PROJECT S2015 - ALL DOCS - STUDENT\PHASE1-CODE\DEBUG\JCPARAM.SBR
H:\TO DELETE\CMP103 PROJECT S2014 - ALL DOCS - INSTRUCTOR\PROJECT\CMP103 PROJECT S2015 - ALL DOCS - STUDENT\PHASE1-CODE\DEBUG\JDAPIMIN.OBJ
H:\TO DELETE\CMP103 PROJECT S2014 - ALL DOCS - INSTRUCTOR\PROJECT\CMP103 PROJECT S2015 - ALL DOCS - STUDENT\PHASE1-CODE\DEBUG\JDAPIMIN.SBR
H:\TO DELETE\CMP103 PROJECT S2014 - ALL DOCS - INSTRUCTOR\PROJECT\CMP103 PROJECT S2015 - ALL DOCS - STUDENT\PHASE1-CODE\DEBUG\JDAPISTD.OBJ
H:\TO DELETE\CMP103 PROJECT S2014 - ALL DOCS - INSTRUCTOR\PROJECT\CMP103 PROJECT S2015 - ALL DOCS - STUDENT\PHASE1-CODE\DEBUG\JDAPISTD.SBR
H:\TO DELETE\CMP103 PROJECT S2014 - ALL DOCS - INSTRUCTOR\PROJECT\CMP103 PROJECT S2015 - ALL DOCS - STUDENT\PHASE1-CODE\DEBUG\JDATASRC.OBJ
H:\TO DELETE\CMP103 PROJECT S2014 - ALL DOCS - INSTRUCTOR\PROJECT\CMP103 PROJECT S2015 - ALL DOCS - STUDENT\PHASE1-CODE\DEBUG\JDATASRC.SBR
H:\TO DELETE\CMP103 PROJECT S2014 - ALL DOCS - INSTRUCTOR\PROJECT\CMP103 PROJECT S2015 - ALL DOCS - STUDENT\PHASE1-CODE\DEBUG\JDCOEFCT.OBJ
H:\TO DELETE\CMP103 PROJECT S2014 - ALL DOCS - INSTRUCTOR\PROJECT\CMP103 PROJECT S2015 - ALL DOCS - STUDENT\PHASE1-CODE\DEBUG\JDCOEFCT.SBR
H:\TO DELETE\CMP103 PROJECT S2014 - ALL DOCS - INSTRUCTOR\PROJECT\CMP103 PROJECT S2015 - ALL DOCS - STUDENT\PHASE1-CODE\DEBUG\JDCOLOR.OBJ
H:\TO DELETE\CMP103 PROJECT S2014 - ALL DOCS - INSTRUCTOR\PROJECT\CMP103 PROJECT S2015 - ALL DOCS - STUDENT\PHASE1-CODE\DEBUG\JDCOLOR.SBR
H:\TO DELETE\CMP103 PROJECT S2014 - ALL DOCS - INSTRUCTOR\PROJECT\CMP103 PROJECT S2015 - ALL DOCS - STUDENT\PHASE1-CODE\DEBUG\JDDCTMGR.OBJ
H:\TO DELETE\CMP103 PROJECT S2014 - ALL DOCS - INSTRUCTOR\PROJECT\CMP103 PROJECT S2015 - ALL DOCS - STUDENT\PHASE1-CODE\DEBUG\JDDCTMGR.SBR
H:\TO DELETE\CMP103 PROJECT S2014 - ALL DOCS - INSTRUCTOR\PROJECT\CMP103 PROJECT S2015 - ALL DOCS - STUDENT\PHASE1-CODE\DEBUG\JDHUFF.OBJ
H:\TO DELETE\CMP103 PROJECT S2014 - ALL DOCS - INSTRUCTOR\PROJECT\CMP103 PROJECT S2015 - ALL DOCS - STUDENT\PHASE1-CODE\DEBUG\JDHUFF.SBR
H:\TO DELETE\CMP103 PROJECT S2014 - ALL DOCS - INSTRUCTOR\PROJECT\CMP103 PROJECT S2015 - ALL DOCS - STUDENT\PHASE1-CODE\DEBUG\JDINPUT.OBJ
H:\TO DELETE\CMP103 PROJECT S2014 - ALL DOCS - INSTRUCTOR\PROJECT\CMP103 PROJECT S2015 - ALL DOCS - STUDENT\PHASE1-CODE\DEBUG\JDINPUT.SBR
H:\TO DELETE\CMP103 PROJECT S2014 - ALL DOCS - INSTRUCTOR\PROJECT\CMP103 PROJECT S2015 - ALL DOCS - STUDENT\PHASE1-CODE\DEBUG\JDMAINCT.OBJ
H:\TO DELETE\CMP103 PROJECT S2014 - ALL DOCS - INSTRUCTOR\PROJECT\CMP103 PROJECT S2015 - ALL DOCS - STUDENT\PHASE1-CODE\DEBUG\JDMAINCT.SBR
H:\TO DELETE\CMP103 PROJECT S2014 - ALL DOCS - INSTRUCTOR\PROJECT\CMP103 PROJECT S2015 - ALL DOCS - STUDENT\PHASE1-CODE\DEBUG\JDMARKER.OBJ
H:\TO DELETE\CMP103 PROJECT S2014 - ALL DOCS - INSTRUCTOR\PROJECT\CMP103 PROJECT S2015 - ALL DOCS - STUDENT\PHASE1-CODE\DEBUG\JDMARKER.SBR
H:\TO DELETE\CMP103 PROJECT S2014 - ALL DOCS - INSTRUCTOR\PROJECT\CMP103 PROJECT S2015 - ALL DOCS - STUDENT\PHASE1-CODE\DEBUG\JDMASTER.OBJ
H:\TO DELETE\CMP103 PROJECT S2014 - ALL DOCS - INSTRUCTOR\PROJECT\CMP103 PROJECT S2015 - ALL DOCS - STUDENT\PHASE1-CODE\DEBUG\JDMASTER.SBR
H:\TO DELETE\CMP103 PROJECT S2014 - ALL DOCS - INSTRUCTOR\PROJECT\CMP103 PROJECT S2015 - ALL DOCS - STUDENT\PHASE1-CODE\DEBUG\JDMERGE.OBJ
H:\TO DELETE\CMP103 PROJECT S2014 - ALL DOCS - INSTRUCTOR\PROJECT\CMP103 PROJECT S2015 - ALL DOCS - STUDENT\PHASE1-CODE\DEBUG\JDMERGE.SBR
H:\TO DELETE\CMP103 PROJECT S2014 - ALL DOCS - INSTRUCTOR\PROJECT\CMP103 PROJECT S2015 - ALL DOCS - STUDENT\PHASE1-CODE\DEBUG\JDPHUFF.OBJ
H:\TO DELETE\CMP103 PROJECT S2014 - ALL DOCS - INSTRUCTOR\PROJECT\CMP103 PROJECT S2015 - ALL DOCS - STUDENT\PHASE1-CODE\DEBUG\JDPHUFF.SBR
H:\TO DELETE\CMP103 PROJECT S2014 - ALL DOCS - INSTRUCTOR\PROJECT\CMP103 PROJECT S2015 - ALL DOCS - STUDENT\PHASE1-CODE\DEBUG\JDPOSTCT.OBJ
H:\TO DELETE\CMP103 PROJECT S2014 - ALL DOCS - INSTRUCTOR\PROJECT\CMP103 PROJECT S2015 - ALL DOCS - STUDENT\PHASE1-CODE\DEBUG\JDPOSTCT.SBR
H:\TO DELETE\CMP103 PROJECT S2014 - ALL DOCS - INSTRUCTOR\PROJECT\CMP103 PROJECT S2015 - ALL DOCS - STUDENT\PHASE1-CODE\DEBUG\JDSAMPLE.OBJ
H:\TO DELETE\CMP103 PROJECT S2014 - ALL DOCS - INSTRUCTOR\PROJECT\CMP103 PROJECT S2015 - ALL DOCS - STUDENT\PHASE1-CODE\DEBUG\JDSAMPLE.SBR
H:\TO DELETE\CMP103 PROJECT S2014 - ALL DOCS - INSTRUCTOR\PROJECT\CMP103 PROJECT S2015 - ALL DOCS - STUDENT\PHASE1-CODE\DEBUG\JDTRANS.OBJ
H:\TO DELETE\CMP103 PROJECT S2014 - ALL DOCS - INSTRUCTOR\PROJECT\CMP103 PROJECT S2015 - ALL DOCS - STUDENT\PHASE1-CODE\DEBUG\JDTRANS.SBR
H:\TO DELETE\CMP103 PROJECT S2014 - ALL DOCS - INSTRUCTOR\PROJECT\CMP103 PROJECT S2015 - ALL DOCS - STUDENT\PHASE1-CODE\DEBUG\JERROR.OBJ
H:\TO DELETE\CMP103 PROJECT S2014 - ALL DOCS - INSTRUCTOR\PROJECT\CMP103 PROJECT S2015 - ALL DOCS - STUDENT\PHASE1-CODE\DEBUG\JERROR.SBR
H:\TO DELETE\CMP103 PROJECT S2014 - ALL DOCS - INSTRUCTOR\PROJECT\CMP103 PROJECT S2015 - ALL DOCS - STUDENT\PHASE1-CODE\DEBUG\JIDCTFLT.OBJ
H:\TO DELETE\CMP103 PROJECT S2014 - ALL DOCS - INSTRUCTOR\PROJECT\CMP103 PROJECT S2015 - ALL DOCS - STUDENT\PHASE1-CODE\DEBUG\JIDCTFLT.SBR
H:\TO DELETE\CMP103 PROJECT S2014 - ALL DOCS - INSTRUCTOR\PROJECT\CMP103 PROJECT S2015 - ALL DOCS - STUDENT\PHASE1-CODE\DEBUG\JIDCTFST.OBJ
H:\TO DELETE\CMP103 PROJECT S2014 - ALL DOCS - INSTRUCTOR\PROJECT\CMP103 PROJECT S2015 - ALL DOCS - STUDENT\PHASE1-CODE\DEBUG\JIDCTFST.SBR
H:\TO DELETE\CMP103 PROJECT S2014 - ALL DOCS - INSTRUCTOR\PROJECT\CMP103 PROJECT S2015 - ALL DOCS - STUDENT\PHASE1-CODE\DEBUG\JIDCTINT.OBJ
H:\TO DELETE\CMP103 PROJECT S2014 - ALL DOCS - INSTRUCTOR\PROJECT\CMP103 PROJECT S2015 - ALL DOCS - STUDENT\PHASE1-CODE\DEBUG\JIDCTINT.SBR
H:\TO DELETE\CMP103 PROJECT S2014 - ALL DOCS - INSTRUCTOR\PROJECT\CMP103 PROJECT S2015 - ALL DOCS - STUDENT\PHASE1-CODE\DEBUG\JIDCTRED.OBJ
H:\TO DELETE\CMP103 PROJECT S2014 - ALL DOCS - INSTRUCTOR\PROJECT\CMP103 PROJECT S2015 - ALL DOCS - STUDENT\PHASE1-CODE\DEBUG\JIDCTRED.SBR
H:\TO DELETE\CMP103 PROJECT S2014 - ALL DOCS - INSTRUCTOR\PROJECT\CMP103 PROJECT S2015 - ALL DOCS - STUDENT\PHASE1-CODE\DEBUG\JMEMMGR.OBJ
H:\TO DELETE\CMP103 PROJECT S2014 - ALL DOCS - INSTRUCTOR\PROJECT\CMP103 PROJECT S2015 - ALL DOCS - STUDENT\PHASE1-CODE\DEBUG\JMEMMGR.SBR
H:\TO DELETE\CMP103 PROJECT S2014 - ALL DOCS - INSTRUCTOR\PROJECT\CMP103 PROJECT S2015 - ALL DOCS - STUDENT\PHASE1-CODE\DEBUG\JMEMNOBS.OBJ
H:\TO DELETE\CMP103 PROJECT S2014 - ALL DOCS - INSTRUCTOR\PROJECT\CMP103 PROJECT S2015 - ALL DOCS - STUDENT\PHASE1-CODE\DEBUG\JMEMNOBS.SBR
H:\TO DELETE\CMP103 PROJECT S2014 - ALL DOCS - INSTRUCTOR\PROJECT\CMP103 PROJECT S2015 - ALL DOCS - STUDENT\PHASE1-CODE\DEBUG\JPEGLOAD.OBJ
H:\TO DELETE\CMP103 PROJECT S2014 - ALL DOCS - INSTRUCTOR\PROJECT\CMP103 PROJECT S2015 - ALL DOCS - STUDENT\PHASE1-CODE\DEBUG\JPEGLOAD.SBR
H:\TO DELETE\CMP103 PROJECT S2014 - ALL DOCS - INSTRUCTOR\PROJECT\CMP103 PROJECT S2015 - ALL DOCS - STUDENT\PHASE1-CODE\DEBUG\JQUANT1.OBJ
H:\TO DELETE\CMP103 PROJECT S2014 - ALL DOCS - INSTRUCTOR\PROJECT\CMP103 PROJECT S2015 - ALL DOCS - STUDENT\PHASE1-CODE\DEBUG\JQUANT1.SBR
H:\TO DELETE\CMP103 PROJECT S2014 - ALL DOCS - INSTRUCTOR\PROJECT\CMP103 PROJECT S2015 - ALL DOCS - STUDENT\PHASE1-CODE\DEBUG\JQUANT2.OBJ
H:\TO DELETE\CMP103 PROJECT S2014 - ALL DOCS - INSTRUCTOR\PROJECT\CMP103 PROJECT S2015 - ALL DOCS - STUDENT\PHASE1-CODE\DEBUG\JQUANT2.SBR
H:\TO DELETE\CMP103 PROJECT S2014 - ALL DOCS - INSTRUCTOR\PROJECT\CMP103 PROJECT S2015 - ALL DOCS - STUDENT\PHASE1-CODE\DEBUG\JUTILS.OBJ
H:\TO DELETE\CMP103 PROJECT S2014 - ALL DOCS - INSTRUCTOR\PROJECT\CMP103 PROJECT S2015 - ALL DOCS - STUDENT\PHASE1-CODE\DEBUG\JUTILS.SBR
H:\TO DELETE\CMP103 PROJECT S2014 - ALL DOCS - INSTRUCTOR\PROJECT\CMP103 PROJECT S2015 - ALL DOCS - STUDENT\PHASE1-CODE\DEBUG\KEYQUEUE.OBJ
H:\TO DELETE\CMP103 PROJECT S2014 - ALL DOCS - INSTRUCTOR\PROJECT\CMP103 PROJECT S2015 - ALL DOCS - STUDENT\PHASE1-CODE\DEBUG\KEYQUEUE.SBR
H:\to delete\CMP103 Project S2014 - ALL Docs - Instructor\PROJECT\CMP103 Project S2015 - ALL Docs - student\Phase1-Code\Debug\link.2552.read.1.tlog
H:\to delete\CMP103 Project S2014 - ALL Docs - Instructor\PROJECT\CMP103 Project S2015 - ALL Docs - student\Phase1-Code\Debug\link.2552.write.1.tlog
H:\to delete\CMP103 Project S2014 - ALL Docs - Instructor\PROJECT\CMP103 Project S2015 - ALL Docs - student\Phase1-Code\Debug\link.2552-cvtres.read.1.tlog
H:\to delete\CMP103 Project S2014 - ALL Docs - Instructor\PROJECT\CMP103 Project S2015 - ALL Docs - student\Phase1-Code\Debug\link.2552-cvtres.write.1.tlog
H:\to delete\CMP103 Project S2014 - ALL Docs - Instructor\PROJECT\CMP103 Project S2015 - ALL Docs - student\Phase1-Code\Debug\link.command.1.tlog
H:\to delete\CMP103 Project S2014 - ALL Docs - Instructor\PROJECT\CMP103 Project S2015 - ALL Docs - student\Phase1-Code\Debug\link.read.1.tlog
H:\to delete\CMP103 Project S2014 - ALL Docs - Instructor\PROJECT\CMP103 Project S2015 - ALL Docs - student\Phase1-Code\Debug\link.write.1.tlog
H:\to delete\CMP103 Project S2014 - ALL Docs - Instructor\PROJECT\CMP103 Project S2015 - ALL Docs - student\Phase1-Code\Debug\link-cvtres.read.1.tlog
H:\to delete\CMP103 Project S2014 - ALL Docs - Instructor\PROJECT\CMP103 Project S2015 - ALL Docs - student\Phase1-Code\Debug\link-cvtres.write.1.tlog
H:\TO DELETE\CMP103 PROJECT S2014 - ALL DOCS - INSTRUCTOR\PROJECT\CMP103 PROJECT S2015 - ALL DOCS - STUDENT\PHASE1-CODE\DEBUG\MOUSEQUEUE.OBJ
H:\TO DELETE\CMP103 PROJECT S2014 - ALL DOCS - INSTRUCTOR\PROJECT\CMP103 PROJECT S2015 - ALL DOCS - STUDENT\PHASE1-CODE\DEBUG\MOUSEQUEUE.SBR
H:\to delete\CMP103 Project S2014 - ALL Docs - Instructor\PROJECT\CMP103 Project S2015 - ALL Docs - student\Phase1-Code\Debug\mt.command.1.tlog
H:\to delete\CMP103 Project S2014 - ALL Docs - Instructor\PROJECT\CMP103 Project S2015 - ALL Docs - student\Phase1-Code\Debug\mt.read.1.tlog
H:\to delete\CMP103 Project S2014 - ALL Docs - Instructor\PROJECT\CMP103 Project S2015 - ALL Docs - student\Phase1-Code\Debug\mt.write.1.tlog
H:\TO DELETE\CMP103 PROJECT S2014 - ALL DOCS - INSTRUCTOR\PROJECT\CMP103 PROJECT S2015 - ALL DOCS - STUDENT\PHASE1-CODE\DEBUG\OUTPUT.OBJ
H:\TO DELETE\CMP103 PROJECT S2014 - ALL DOCS - INSTRUCTOR\PROJECT\CMP103 PROJECT S2015 - ALL DOCS - STUDENT\PHASE1-CODE\DEBUG\OUTPUT.SBR
H:\TO DELETE\CMP103 PROJECT S2014 - ALL DOCS - INSTRUCTOR\PROJECT\CMP103 PROJECT S2015 - ALL DOCS - STUDENT\PHASE1-CODE\DEBUG\PHASE1-TEST.OBJ
H:\TO DELETE\CMP103 PROJECT S2014 - ALL DOCS - INSTRUCTOR\PROJECT\CMP103 PROJECT S2015 - ALL DOCS - STUDENT\PHASE1-CODE\DEBUG\PHASE1-TEST.SBR
H:\TO DELETE\CMP103 PROJECT S2014 - ALL DOCS - INSTRUCTOR\PROJECT\CMP103 PROJECT S2015 - ALL DOCS - STUDENT\PHASE1-CODE\DEBUG\PT PROJECT.BSC
H:\TO DELETE\CMP103 PROJECT S2014 - ALL DOCS - INSTRUCTOR\PROJECT\CMP103 PROJECT S2015 - ALL DOCS - STUDENT\PHASE1-CODE\DEBUG\PT PROJECT.EXE
H:\TO DELETE\CMP103 PROJECT S2014 - ALL DOCS - INSTRUCTOR\PROJECT\CMP103 PROJECT S2015 - ALL DOCS - STUDENT\PHASE1-CODE\DEBUG\PT PROJECT.EXE.EMBED.MANIFEST
H:\TO DELETE\CMP103 PROJECT S2014 - ALL DOCS - INSTRUCTOR\PROJECT\CMP103 PROJECT S2015 - ALL DOCS - STUDENT\PHASE1-CODE\DEBUG\PT PROJECT.EXE.EMBED.MANIFEST.RES
H:\TO DELETE\CMP103 PROJECT S2014 - ALL DOCS - INSTRUCTOR\PROJECT\CMP103 PROJECT S2015 - ALL DOCS - STUDENT\PHASE1-CODE\DEBUG\PT PROJECT.EXE.INTERMEDIATE.MANIFEST
H:\TO DELETE\CMP103 PROJECT S2014 - ALL DOCS - INSTRUCTOR\PROJECT\CMP103 PROJECT S2015 - ALL DOCS - STUDENT\PHASE1-CODE\DEBUG\PT PROJECT.ILK
H:\TO DELETE\CMP103 PROJECT S2014 - ALL DOCS - INSTRUCTOR\PROJECT\CMP103 PROJECT S2015 - ALL DOCS - STUDENT\PHASE1-CODE\DEBUG\PT PROJECT.PDB
H:\to delete\CMP103 Project S2014 - ALL Docs - Instructor\PROJECT\CMP103 Project S2015 - ALL Docs - student\Phase1-Code\Debug\PT Project_manifest.rc
H:\to delete\CMP103 Project S2014 - ALL Docs - Instructor\PROJECT\CMP103 Project S2015 - ALL Docs - student\Phase1-Code\Debug\rc.command.1.tlog
H:\to delete\CMP103 Project S2014 - ALL Docs - Instructor\PROJECT\CMP103 Project S2015 - ALL Docs - student\Phase1-Code\Debug\rc.read.1.tlog
H:\to delete\CMP103 Project S2014 - ALL Docs - Instructor\PROJECT\CMP103 Project S2015 - ALL Docs - student\Phase1-Code\Debug\rc.write.1.tlog
H:\to delete\CMP103 Project S2014 - ALL Docs - Instructor\PROJECT\CMP103 Project S2015 - ALL Docs - student\Phase1-Code\Debug\vc100.idb
H:\TO DELETE\CMP103 PROJECT S2014 - ALL DOCS - INSTRUCTOR\PROJECT\CMP103 PROJECT S2015 - ALL DOCS - STUDENT\PHASE1-CODE\DEBUG\VC100.PDB
H:\TO DELETE\CMP103 PROJECT S2014 - ALL DOCS - INSTRUCTOR\PROJECT\CMP103 PROJECT S2015 - ALL DOCS - STUDENT\PHASE1-CODE\DEBUG\WINDOWINPUT.OBJ
H:\TO DELETE\CMP103 PROJECT S2014 - ALL DOCS - INSTRUCTOR\PROJECT\CMP103 PROJECT S2015 - ALL DOCS - STUDENT\PHASE1-CODE\DEBUG\WINDOWINPUT.SBR
